[debug] [2022-12-10T21:15:49.174Z] ----------------------------------------------------------------------
[debug] [2022-12-10T21:15:49.174Z] Command:       /opt/homebrew/Cellar/node/17.2.0/bin/node /opt/homebrew/bin/firebase emulators:start
[debug] [2022-12-10T21:15:49.175Z] CLI Version:   11.16.1
[debug] [2022-12-10T21:15:49.175Z] Platform:      darwin
[debug] [2022-12-10T21:15:49.175Z] Node Version:  v17.2.0
[debug] [2022-12-10T21:15:49.175Z] Time:          Sat Dec 10 2022 16:15:49 GMT-0500 (Eastern Standard Time)
[debug] [2022-12-10T21:15:49.176Z] ----------------------------------------------------------------------
[debug] 
[debug] [2022-12-10T21:15:49.218Z] > command requires scopes: ["email","openid","https://www.googleapis.com/auth/cloudplatformprojects.readonly","https://www.googleapis.com/auth/firebase","https://www.googleapis.com/auth/cloud-platform"]
[debug] [2022-12-10T21:15:49.219Z] > authorizing via signed-in user (johnprado@pursuit.org)
[info] i  emulators: Starting emulators: functions {"metadata":{"emulator":{"name":"hub"},"message":"Starting emulators: functions"}}
[debug] [2022-12-10T21:15:49.552Z] [logging] Logging Emulator only supports listening on one address (127.0.0.1). Not listening on ::1
[debug] [2022-12-10T21:15:49.553Z] assigned listening specs for emulators {"user":{"hub":[{"address":"127.0.0.1","family":"IPv4","port":4400},{"address":"::1","family":"IPv6","port":4400}],"ui":[{"address":"127.0.0.1","family":"IPv4","port":4000},{"address":"::1","family":"IPv6","port":4000}],"logging":[{"address":"127.0.0.1","family":"IPv4","port":4500}]},"metadata":{"message":"assigned listening specs for emulators"}}
[debug] [2022-12-10T21:15:49.557Z] [hub] writing locator at /var/folders/3y/6_qpz7t542nfpjv2xypsmmj00000gn/T/hub-wellbell-4a40d.json
[debug] [2022-12-10T21:15:49.777Z] [functions] Functions Emulator only supports listening on one address (127.0.0.1). Not listening on ::1
[debug] [2022-12-10T21:15:49.777Z] [eventarc] Eventarc Emulator only supports listening on one address (127.0.0.1). Not listening on ::1
[debug] [2022-12-10T21:15:49.777Z] late-assigned ports for functions and eventarc emulators {"user":{"hub":[{"address":"127.0.0.1","family":"IPv4","port":4400},{"address":"::1","family":"IPv6","port":4400}],"ui":[{"address":"127.0.0.1","family":"IPv4","port":4000},{"address":"::1","family":"IPv6","port":4000}],"logging":[{"address":"127.0.0.1","family":"IPv4","port":4500}],"functions":[{"address":"127.0.0.1","family":"IPv4","port":5001}],"eventarc":[{"address":"127.0.0.1","family":"IPv4","port":9299}]},"metadata":{"message":"late-assigned ports for functions and eventarc emulators"}}
[warn] ⚠  functions: The following emulators are not running, calls to these services from the Functions emulator will affect production: auth, firestore, database, hosting, pubsub, storage {"metadata":{"emulator":{"name":"functions"},"message":"The following emulators are not running, calls to these services from the Functions emulator will affect production: \u001b[1mauth, firestore, database, hosting, pubsub, storage\u001b[22m"}}
[warn] ⚠  Your requested "node" version "16" doesn't match your global version "17". Using node@17 from host. {"metadata":{"emulator":{"name":"functions"},"message":"Your requested \"node\" version \"16\" doesn't match your global version \"17\". Using node@17 from host."}}
[debug] [2022-12-10T21:15:49.782Z] defaultcredentials: writing to file /Users/johnprado/.config/firebase/johnprado_pursuit_org_application_default_credentials.json
[debug] [2022-12-10T21:15:49.784Z] Setting GAC to /Users/johnprado/.config/firebase/johnprado_pursuit_org_application_default_credentials.json {"metadata":{"emulator":{"name":"functions"},"message":"Setting GAC to /Users/johnprado/.config/firebase/johnprado_pursuit_org_application_default_credentials.json"}}
[debug] [2022-12-10T21:15:49.785Z] >>> [apiv2][query] GET https://firebase.googleapis.com/v1beta1/projects/wellbell-4a40d/adminSdkConfig [none]
[debug] [2022-12-10T21:15:50.088Z] <<< [apiv2][status] GET https://firebase.googleapis.com/v1beta1/projects/wellbell-4a40d/adminSdkConfig 200
[debug] [2022-12-10T21:15:50.089Z] <<< [apiv2][body] GET https://firebase.googleapis.com/v1beta1/projects/wellbell-4a40d/adminSdkConfig {"projectId":"wellbell-4a40d","databaseURL":"https://wellbell-4a40d-default-rtdb.firebaseio.com","storageBucket":"wellbell-4a40d.appspot.com"}
[debug] [2022-12-10T21:15:50.114Z] Ignoring unsupported arg: auto_download {"metadata":{"emulator":{"name":"ui"},"message":"Ignoring unsupported arg: auto_download"}}
[debug] [2022-12-10T21:15:50.114Z] Ignoring unsupported arg: port {"metadata":{"emulator":{"name":"ui"},"message":"Ignoring unsupported arg: port"}}
[debug] [2022-12-10T21:15:50.114Z] Starting Emulator UI with command {"binary":"node","args":["/Users/johnprado/.cache/firebase/emulators/ui-v1.11.1/server/server.js"],"optionalArgs":[],"joinArgs":false} {"metadata":{"emulator":{"name":"ui"},"message":"Starting Emulator UI with command {\"binary\":\"node\",\"args\":[\"/Users/johnprado/.cache/firebase/emulators/ui-v1.11.1/server/server.js\"],\"optionalArgs\":[],\"joinArgs\":false}"}}
[info] i  ui: Emulator UI logging to ui-debug.log {"metadata":{"emulator":{"name":"ui"},"message":"Emulator UI logging to \u001b[1mui-debug.log\u001b[22m"}}
[debug] [2022-12-10T21:15:50.203Z] Web / API server started at 127.0.0.1:4000
 {"metadata":{"emulator":{"name":"ui"},"message":"Web / API server started at 127.0.0.1:4000\n"}}
[debug] [2022-12-10T21:15:50.203Z] Web / API server started at ::1:4000
 {"metadata":{"emulator":{"name":"ui"},"message":"Web / API server started at ::1:4000\n"}}
[info] i  functions: Watching "/Users/johnprado/Desktop/wellbell-front-end/functions" for Cloud Functions... {"metadata":{"emulator":{"name":"functions"},"message":"Watching \"/Users/johnprado/Desktop/wellbell-front-end/functions\" for Cloud Functions..."}}
[debug] [2022-12-10T21:15:50.379Z] Validating nodejs source
[warn] ⚠  functions: package.json indicates an outdated version of firebase-functions. Please upgrade using npm install --save firebase-functions@latest in your functions directory. 
[warn] ⚠  functions: Please note that there will be breaking changes when you upgrade. 
[debug] [2022-12-10T21:15:51.015Z] > [functions] package.json contents: {
  "name": "functions",
  "description": "Cloud Functions for Firebase",
  "scripts": {
    "serve": "firebase emulators:start --only functions",
    "shell": "firebase functions:shell",
    "start": "npm run shell",
    "deploy": "firebase deploy --only functions",
    "logs": "firebase functions:log"
  },
  "engines": {
    "node": "16"
  },
  "main": "index.js",
  "dependencies": {
    "firebase-admin": "^10.0.2",
    "firebase-functions": "^3.18.0"
  },
  "devDependencies": {
    "firebase-functions-test": "^0.2.0"
  },
  "private": true
}
[debug] [2022-12-10T21:15:51.015Z] Building nodejs source
[debug] [2022-12-10T21:15:51.015Z] Analyzing nodejs backend spec
[debug] [2022-12-10T21:15:51.016Z] Could not find functions.yaml. Must use http discovery
[debug] [2022-12-10T21:15:51.126Z] Serving at port 9005

[debug] [2022-12-10T21:15:51.161Z] Got response from /__/functions.yaml {"endpoints":{"sendNotification":{"platform":"gcfv1","httpsTrigger":{},"entryPoint":"sendNotification"}},"specVersion":"v1alpha1","requiredAPIs":[]}
[debug] [2022-12-10T21:15:51.165Z] shutdown requested via /__/quitquitquit

[info] ✔  functions: Loaded functions definitions from source: sendNotification. {"metadata":{"emulator":{"name":"functions"},"message":"Loaded functions definitions from source: sendNotification."}}
[info] ✔  functions[us-central1-sendNotification]: http function initialized (http://127.0.0.1:5001/wellbell-4a40d/us-central1/sendNotification). {"metadata":{"emulator":{"name":"functions"},"message":"\u001b[1mhttp\u001b[22m function initialized (http://127.0.0.1:5001/wellbell-4a40d/us-central1/sendNotification)."}}
[info] 
┌─────────────────────────────────────────────────────────────┐
│ ✔  All emulators ready! It is now safe to connect your app. │
│ i  View Emulator UI at http://127.0.0.1:4000/               │
└─────────────────────────────────────────────────────────────┘

┌───────────┬────────────────┬─────────────────────────────────┐
│ Emulator  │ Host:Port      │ View in Emulator UI             │
├───────────┼────────────────┼─────────────────────────────────┤
│ Functions │ 127.0.0.1:5001 │ http://127.0.0.1:4000/functions │
└───────────┴────────────────┴─────────────────────────────────┘
  Emulator Hub running at 127.0.0.1:4400
  Other reserved ports: 4500

Issues? Report them at https://github.com/firebase/firebase-tools/issues and attach the *-debug.log files.
 
[debug] [2022-12-10T21:16:46.430Z] [work-queue] {"queueLength":1,"workRunningCount":0}
[debug] [2022-12-10T21:16:46.431Z] [work-queue] {"queueLength":0,"workRunningCount":1}
[debug] [2022-12-10T21:16:46.431Z] Accepted request GET /wellbell-4a40d/us-central1/sendNotification --> us-central1-sendNotification
[debug] [2022-12-10T21:16:46.436Z] [functions] Runtime ready! Sending request! {"metadata":{"emulator":{"name":"functions"},"message":"[functions] Runtime ready! Sending request!"}}
[debug] [2022-12-10T21:16:46.437Z] [functions] Got req.url=/wellbell-4a40d/us-central1/sendNotification, mapping to path=/ {"metadata":{"emulator":{"name":"functions"},"message":"[functions] Got req.url=/wellbell-4a40d/us-central1/sendNotification, mapping to path=/"}}
[debug] [2022-12-10T21:16:46.450Z] [worker-pool] addWorker(us-central1-sendNotification) {"metadata":{"emulator":{"name":"functions"},"message":"[worker-pool] addWorker(us-central1-sendNotification)"}}
[debug] [2022-12-10T21:16:46.450Z] [worker-pool] Adding worker with key us-central1-sendNotification, total=1 {"metadata":{"emulator":{"name":"functions"},"message":"[worker-pool] Adding worker with key us-central1-sendNotification, total=1"}}
[debug] [2022-12-10T21:16:47.152Z] [runtime-status] [25012] Resolved module firebase-admin {"declared":true,"installed":true,"version":"10.3.0","resolution":"/Users/johnprado/Desktop/wellbell-front-end/functions/node_modules/firebase-admin/lib/index.js"} {"metadata":{"emulator":{"name":"functions"},"function":{"name":"us-central1-sendNotification"},"extension":{},"message":"[runtime-status] [25012] Resolved module firebase-admin {\"declared\":true,\"installed\":true,\"version\":\"10.3.0\",\"resolution\":\"/Users/johnprado/Desktop/wellbell-front-end/functions/node_modules/firebase-admin/lib/index.js\"}"}}
[debug] [2022-12-10T21:16:47.153Z] [runtime-status] [25012] Resolved module firebase-functions {"declared":true,"installed":true,"version":"3.24.1","resolution":"/Users/johnprado/Desktop/wellbell-front-end/functions/node_modules/firebase-functions/lib/index.js"} {"metadata":{"emulator":{"name":"functions"},"function":{"name":"us-central1-sendNotification"},"extension":{},"message":"[runtime-status] [25012] Resolved module firebase-functions {\"declared\":true,\"installed\":true,\"version\":\"3.24.1\",\"resolution\":\"/Users/johnprado/Desktop/wellbell-front-end/functions/node_modules/firebase-functions/lib/index.js\"}"}}
[debug] [2022-12-10T21:16:47.153Z] [runtime-status] [25012] Outgoing network have been stubbed. [{"name":"http","status":"mocked"},{"name":"http","status":"mocked"},{"name":"https","status":"mocked"},{"name":"https","status":"mocked"},{"name":"net","status":"mocked"}] {"metadata":{"emulator":{"name":"functions"},"function":{"name":"us-central1-sendNotification"},"extension":{},"message":"[runtime-status] [25012] Outgoing network have been stubbed. [{\"name\":\"http\",\"status\":\"mocked\"},{\"name\":\"http\",\"status\":\"mocked\"},{\"name\":\"https\",\"status\":\"mocked\"},{\"name\":\"https\",\"status\":\"mocked\"},{\"name\":\"net\",\"status\":\"mocked\"}]"}}
[debug] [2022-12-10T21:16:47.153Z] [runtime-status] [25012] Resolved module firebase-functions {"declared":true,"installed":true,"version":"3.24.1","resolution":"/Users/johnprado/Desktop/wellbell-front-end/functions/node_modules/firebase-functions/lib/index.js"} {"metadata":{"emulator":{"name":"functions"},"function":{"name":"us-central1-sendNotification"},"extension":{},"message":"[runtime-status] [25012] Resolved module firebase-functions {\"declared\":true,\"installed\":true,\"version\":\"3.24.1\",\"resolution\":\"/Users/johnprado/Desktop/wellbell-front-end/functions/node_modules/firebase-functions/lib/index.js\"}"}}
[debug] [2022-12-10T21:16:47.181Z] [runtime-status] [25012] Checked functions.config() {"config":{}} {"metadata":{"emulator":{"name":"functions"},"function":{"name":"us-central1-sendNotification"},"extension":{},"message":"[runtime-status] [25012] Checked functions.config() {\"config\":{}}"}}
[debug] [2022-12-10T21:16:47.181Z] [runtime-status] [25012] firebase-functions has been stubbed. {"functionsResolution":{"declared":true,"installed":true,"version":"3.24.1","resolution":"/Users/johnprado/Desktop/wellbell-front-end/functions/node_modules/firebase-functions/lib/index.js"}} {"metadata":{"emulator":{"name":"functions"},"function":{"name":"us-central1-sendNotification"},"extension":{},"message":"[runtime-status] [25012] firebase-functions has been stubbed. {\"functionsResolution\":{\"declared\":true,\"installed\":true,\"version\":\"3.24.1\",\"resolution\":\"/Users/johnprado/Desktop/wellbell-front-end/functions/node_modules/firebase-functions/lib/index.js\"}}"}}
[debug] [2022-12-10T21:16:47.182Z] [runtime-status] [25012] Resolved module firebase-functions {"declared":true,"installed":true,"version":"3.24.1","resolution":"/Users/johnprado/Desktop/wellbell-front-end/functions/node_modules/firebase-functions/lib/index.js"} {"metadata":{"emulator":{"name":"functions"},"function":{"name":"us-central1-sendNotification"},"extension":{},"message":"[runtime-status] [25012] Resolved module firebase-functions {\"declared\":true,\"installed\":true,\"version\":\"3.24.1\",\"resolution\":\"/Users/johnprado/Desktop/wellbell-front-end/functions/node_modules/firebase-functions/lib/index.js\"}"}}
[debug] [2022-12-10T21:16:47.182Z] [runtime-status] [25012] Resolved module firebase-admin {"declared":true,"installed":true,"version":"10.3.0","resolution":"/Users/johnprado/Desktop/wellbell-front-end/functions/node_modules/firebase-admin/lib/index.js"} {"metadata":{"emulator":{"name":"functions"},"function":{"name":"us-central1-sendNotification"},"extension":{},"message":"[runtime-status] [25012] Resolved module firebase-admin {\"declared\":true,\"installed\":true,\"version\":\"10.3.0\",\"resolution\":\"/Users/johnprado/Desktop/wellbell-front-end/functions/node_modules/firebase-admin/lib/index.js\"}"}}
[debug] [2022-12-10T21:16:47.183Z] [runtime-status] [25012] Resolved module firebase-functions {"declared":true,"installed":true,"version":"3.24.1","resolution":"/Users/johnprado/Desktop/wellbell-front-end/functions/node_modules/firebase-functions/lib/index.js"} {"metadata":{"emulator":{"name":"functions"},"function":{"name":"us-central1-sendNotification"},"extension":{},"message":"[runtime-status] [25012] Resolved module firebase-functions {\"declared\":true,\"installed\":true,\"version\":\"3.24.1\",\"resolution\":\"/Users/johnprado/Desktop/wellbell-front-end/functions/node_modules/firebase-functions/lib/index.js\"}"}}
[debug] [2022-12-10T21:16:47.183Z] [runtime-status] [25012] firebase-admin has been stubbed. {"adminResolution":{"declared":true,"installed":true,"version":"10.3.0","resolution":"/Users/johnprado/Desktop/wellbell-front-end/functions/node_modules/firebase-admin/lib/index.js"}} {"metadata":{"emulator":{"name":"functions"},"function":{"name":"us-central1-sendNotification"},"extension":{},"message":"[runtime-status] [25012] firebase-admin has been stubbed. {\"adminResolution\":{\"declared\":true,\"installed\":true,\"version\":\"10.3.0\",\"resolution\":\"/Users/johnprado/Desktop/wellbell-front-end/functions/node_modules/firebase-admin/lib/index.js\"}}"}}
[debug] [2022-12-10T21:16:47.184Z] [runtime-status] [25012] initializeApp(DEFAULT) {"storageBucket":"wellbell-4a40d.appspot.com","databaseURL":"https://wellbell-4a40d-default-rtdb.firebaseio.com","projectId":"wellbell-4a40d"} {"metadata":{"emulator":{"name":"functions"},"function":{"name":"us-central1-sendNotification"},"extension":{},"message":"[runtime-status] [25012] initializeApp(DEFAULT) {\"storageBucket\":\"wellbell-4a40d.appspot.com\",\"databaseURL\":\"https://wellbell-4a40d-default-rtdb.firebaseio.com\",\"projectId\":\"wellbell-4a40d\"}"}}
[debug] [2022-12-10T21:16:47.187Z] [runtime-status] [25012] Functions runtime initialized. {"cwd":"/Users/johnprado/Desktop/wellbell-front-end/functions","node_version":"17.2.0"} {"metadata":{"emulator":{"name":"functions"},"function":{"name":"us-central1-sendNotification"},"extension":{},"message":"[runtime-status] [25012] Functions runtime initialized. {\"cwd\":\"/Users/johnprado/Desktop/wellbell-front-end/functions\",\"node_version\":\"17.2.0\"}"}}
[debug] [2022-12-10T21:16:47.187Z] [runtime-status] [25012] Listening to port: /var/folders/3y/6_qpz7t542nfpjv2xypsmmj00000gn/T/fire_emu_d8a830f5b6a5297b.sock {"metadata":{"emulator":{"name":"functions"},"function":{"name":"us-central1-sendNotification"},"extension":{},"message":"[runtime-status] [25012] Listening to port: /var/folders/3y/6_qpz7t542nfpjv2xypsmmj00000gn/T/fire_emu_d8a830f5b6a5297b.sock"}}
[debug] [2022-12-10T21:16:47.271Z] [worker-us-central1-sendNotification-6c6d2d97-a884-46a0-8506-d92de13acc6d]: IDLE {"metadata":{"emulator":{"name":"functions"},"message":"[worker-us-central1-sendNotification-6c6d2d97-a884-46a0-8506-d92de13acc6d]: IDLE"}}
[debug] [2022-12-10T21:16:47.271Z] [worker-pool] submitRequest(triggerId=us-central1-sendNotification) {"metadata":{"emulator":{"name":"functions"},"message":"[worker-pool] submitRequest(triggerId=us-central1-sendNotification)"}}
[debug] [2022-12-10T21:16:47.271Z] [worker-us-central1-sendNotification-6c6d2d97-a884-46a0-8506-d92de13acc6d]: BUSY {"metadata":{"emulator":{"name":"functions"},"message":"[worker-us-central1-sendNotification-6c6d2d97-a884-46a0-8506-d92de13acc6d]: BUSY"}}
[info] i  functions: Beginning execution of "sendNotification" {"metadata":{"emulator":{"name":"functions"},"function":{"name":"us-central1-sendNotification"},"extension":{},"message":"Beginning execution of \"sendNotification\""}}
[info] >  {} {"user":{},"metadata":{"emulator":{"name":"functions"},"function":{"name":"us-central1-sendNotification"},"extension":{},"message":"\u001b[90m> \u001b[39m {}"}}
[info] >  { token: undefined, topic: 'please give me a message' } {"user":"{ token: undefined, topic: 'please give me a message' }","metadata":{"emulator":{"name":"functions"},"function":{"name":"us-central1-sendNotification"},"extension":{},"message":"\u001b[90m> \u001b[39m { token: undefined, topic: 'please give me a message' }"}}
[warn] ⚠  functions: Error: Malformed topic name
    at FirebaseMessagingError.FirebaseError [as constructor] (/Users/johnprado/Desktop/wellbell-front-end/functions/node_modules/firebase-admin/lib/utils/error.js:44:28)
    at FirebaseMessagingError.PrefixedFirebaseError [as constructor] (/Users/johnprado/Desktop/wellbell-front-end/functions/node_modules/firebase-admin/lib/utils/error.js:90:28)
    at new FirebaseMessagingError (/Users/johnprado/Desktop/wellbell-front-end/functions/node_modules/firebase-admin/lib/utils/error.js:279:16)
    at Object.validateMessage (/Users/johnprado/Desktop/wellbell-front-end/functions/node_modules/firebase-admin/lib/messaging/messaging-internal.js:48:19)
    at Messaging.send (/Users/johnprado/Desktop/wellbell-front-end/functions/node_modules/firebase-admin/lib/messaging/messaging.js:201:30)
    at /Users/johnprado/Desktop/wellbell-front-end/functions/index.js:18:4
    at cloudFunction (/Users/johnprado/Desktop/wellbell-front-end/functions/node_modules/firebase-functions/lib/providers/https.js:50:16)
    at /opt/homebrew/lib/node_modules/firebase-tools/lib/emulator/functionsEmulatorRuntime.js:530:16
    at runFunction (/opt/homebrew/lib/node_modules/firebase-tools/lib/emulator/functionsEmulatorRuntime.js:504:15)
    at runHTTPS (/opt/homebrew/lib/node_modules/firebase-tools/lib/emulator/functionsEmulatorRuntime.js:529:11) {"metadata":{"emulator":{"name":"functions"},"function":{"name":"us-central1-sendNotification"},"extension":{},"message":"Error: Malformed topic name\n    at FirebaseMessagingError.FirebaseError [as constructor] (/Users/johnprado/Desktop/wellbell-front-end/functions/node_modules/firebase-admin/lib/utils/error.js:44:28)\n    at FirebaseMessagingError.PrefixedFirebaseError [as constructor] (/Users/johnprado/Desktop/wellbell-front-end/functions/node_modules/firebase-admin/lib/utils/error.js:90:28)\n    at new FirebaseMessagingError (/Users/johnprado/Desktop/wellbell-front-end/functions/node_modules/firebase-admin/lib/utils/error.js:279:16)\n    at Object.validateMessage (/Users/johnprado/Desktop/wellbell-front-end/functions/node_modules/firebase-admin/lib/messaging/messaging-internal.js:48:19)\n    at Messaging.send (/Users/johnprado/Desktop/wellbell-front-end/functions/node_modules/firebase-admin/lib/messaging/messaging.js:201:30)\n    at /Users/johnprado/Desktop/wellbell-front-end/functions/index.js:18:4\n    at cloudFunction (/Users/johnprado/Desktop/wellbell-front-end/functions/node_modules/firebase-functions/lib/providers/https.js:50:16)\n    at /opt/homebrew/lib/node_modules/firebase-tools/lib/emulator/functionsEmulatorRuntime.js:530:16\n    at runFunction (/opt/homebrew/lib/node_modules/firebase-tools/lib/emulator/functionsEmulatorRuntime.js:504:15)\n    at runHTTPS (/opt/homebrew/lib/node_modules/firebase-tools/lib/emulator/functionsEmulatorRuntime.js:529:11)"}}
[warn] ⚠  Your function was killed because it raised an unhandled error. {"metadata":{"emulator":{"name":"functions"},"function":{"name":"us-central1-sendNotification"},"extension":{},"message":"Your function was killed because it raised an unhandled error."}}
[debug] [2022-12-10T21:16:47.284Z] [work-queue] {"queueLength":0,"workRunningCount":0}
[debug] [2022-12-10T21:16:47.285Z] [worker-us-central1-sendNotification-6c6d2d97-a884-46a0-8506-d92de13acc6d]: exited {"metadata":{"emulator":{"name":"functions"},"message":"[worker-us-central1-sendNotification-6c6d2d97-a884-46a0-8506-d92de13acc6d]: exited"}}
[debug] [2022-12-10T21:16:47.285Z] [worker-us-central1-sendNotification-6c6d2d97-a884-46a0-8506-d92de13acc6d]: FINISHED {"metadata":{"emulator":{"name":"functions"},"message":"[worker-us-central1-sendNotification-6c6d2d97-a884-46a0-8506-d92de13acc6d]: FINISHED"}}
